<?xml version="1.0" encoding="UTF-8"?>
<!-- Generated by org.testng.reporters.JUnitXMLReporter -->
<testsuite ignored="0" hostname="DESKTOP-CLJ89F1" failures="1" tests="1" name="Login Test" time="19.988" errors="0" timestamp="2026-08-08T11:23:08 IST">
  <testcase classname="Test.E_commerce_test_Android_dataParam" name="fillForm" time="4.77">
    <failure type="org.openqa.selenium.StaleElementReferenceException" message="androidx.test.uiautomator.StaleObjectException
For documentation on this error, please visit: https://www.selenium.dev/documentation/webdriver/troubleshooting/errors#stale-element-reference-exception
Build info: version: &amp;apos;4.21.0&amp;apos;, revision: &amp;apos;79ed462ef4&amp;apos;
System info: os.name: &amp;apos;Windows 11&amp;apos;, os.arch: &amp;apos;amd64&amp;apos;, os.version: &amp;apos;10.0&amp;apos;, java.version: &amp;apos;21.0.11&amp;apos;
Driver info: io.appium.java_client.android.AndroidDriver
Command: [4e545b52-b4a7-4240-abd7-134bc08314cc, sendKeysToElement {id=00000000-0000-0751-ffff-ffff0000001c, value=[Ljava.lang.CharSequence;@4a92c6a9}]
Capabilities {appium:app: C:\Users\nancy\eclipse-work..., appium:appActivity: com.androidsample.generalst..., appium:appPackage: com.androidsample.generalstore, appium:automationName: UIAutomator2, appium:chromedriverExecutable: C:\Users\nancy\Downloads\Po..., appium:databaseEnabled: false, appium:desired: {app: C:\Users\nancy\eclipse-work..., automationName: UIAutomator2, chromedriverExecutable: C:\Users\nancy\Downloads\Po..., deviceName: NancyAndroidDevice, platformName: ANDROID}, appium:deviceApiLevel: 35, appium:deviceManufacturer: Google, appium:deviceModel: sdk_gphone64_x86_64, appium:deviceName: emulator-5554, appium:deviceScreenDensity: 420, appium:deviceScreenSize: 1080x2400, appium:deviceUDID: emulator-5554, appium:javascriptEnabled: true, appium:locationContextEnabled: false, appium:networkConnectionEnabled: true, appium:pixelRatio: 2.625, appium:platformVersion: 15, appium:statBarHeight: 136, appium:takesScreenshot: true, appium:viewportRect: {height: 2264, left: 0, top: 136, width: 1080}, appium:warnings: {}, appium:webStorageEnabled: false, platformName: ANDROID}
Element: [[AndroidDriver:  on ANDROID (4e545b52-b4a7-4240-abd7-134bc08314cc)] -&amp;gt; id: com.androidsample.generalstore:id/nameField]
Session ID: 4e545b52-b4a7-4240-abd7-134bc08314cc">
      <![CDATA[org.openqa.selenium.StaleElementReferenceException: androidx.test.uiautomator.StaleObjectException
For documentation on this error, please visit: https://www.selenium.dev/documentation/webdriver/troubleshooting/errors#stale-element-reference-exception
Build info: version: '4.21.0', revision: '79ed462ef4'
System info: os.name: 'Windows 11', os.arch: 'amd64', os.version: '10.0', java.version: '21.0.11'
Driver info: io.appium.java_client.android.AndroidDriver
Command: [4e545b52-b4a7-4240-abd7-134bc08314cc, sendKeysToElement {id=00000000-0000-0751-ffff-ffff0000001c, value=[Ljava.lang.CharSequence;@4a92c6a9}]
Capabilities {appium:app: C:\Users\nancy\eclipse-work..., appium:appActivity: com.androidsample.generalst..., appium:appPackage: com.androidsample.generalstore, appium:automationName: UIAutomator2, appium:chromedriverExecutable: C:\Users\nancy\Downloads\Po..., appium:databaseEnabled: false, appium:desired: {app: C:\Users\nancy\eclipse-work..., automationName: UIAutomator2, chromedriverExecutable: C:\Users\nancy\Downloads\Po..., deviceName: NancyAndroidDevice, platformName: ANDROID}, appium:deviceApiLevel: 35, appium:deviceManufacturer: Google, appium:deviceModel: sdk_gphone64_x86_64, appium:deviceName: emulator-5554, appium:deviceScreenDensity: 420, appium:deviceScreenSize: 1080x2400, appium:deviceUDID: emulator-5554, appium:javascriptEnabled: true, appium:locationContextEnabled: false, appium:networkConnectionEnabled: true, appium:pixelRatio: 2.625, appium:platformVersion: 15, appium:statBarHeight: 136, appium:takesScreenshot: true, appium:viewportRect: {height: 2264, left: 0, top: 136, width: 1080}, appium:warnings: {}, appium:webStorageEnabled: false, platformName: ANDROID}
Element: [[AndroidDriver:  on ANDROID (4e545b52-b4a7-4240-abd7-134bc08314cc)] -> id: com.androidsample.generalstore:id/nameField]
Session ID: 4e545b52-b4a7-4240-abd7-134bc08314cc
at org.openqa.selenium.remote.ErrorCodec.decode(ErrorCodec.java:167)
at org.openqa.selenium.remote.codec.w3c.W3CHttpResponseCodec.decode(W3CHttpResponseCodec.java:138)
at org.openqa.selenium.remote.codec.w3c.W3CHttpResponseCodec.decode(W3CHttpResponseCodec.java:50)
at org.openqa.selenium.remote.HttpCommandExecutor.execute(HttpCommandExecutor.java:190)
at io.appium.java_client.remote.AppiumCommandExecutor.execute(AppiumCommandExecutor.java:237)
at org.openqa.selenium.remote.RemoteWebDriver.execute(RemoteWebDriver.java:518)
at org.openqa.selenium.remote.RemoteWebElement.execute(RemoteWebElement.java:223)
at org.openqa.selenium.remote.RemoteWebElement.sendKeys(RemoteWebElement.java:110)
at io.appium.java_client.pagefactory.ElementInterceptor.getObject(ElementInterceptor.java:42)
at io.appium.java_client.pagefactory.interceptors.InterceptorOfASingleElement.call(InterceptorOfASingleElement.java:79)
at io.appium.java_client.proxy.Interceptor.intercept(Interceptor.java:78)
at org.openqa.selenium.remote.RemoteWebElement$ByteBuddy$tuVK0Dgk.sendKeys(Unknown Source)
at PageObjects.Android.FormPage.setNameField(FormPage.java:36)
at Test.E_commerce_test_Android_dataParam.fillForm(E_commerce_test_Android_dataParam.java:41)
at java.base/java.util.ArrayList.forEach(ArrayList.java:1596)
... Removed 34 stack frames]]>
    </failure>
  </testcase> <!-- fillForm -->
</testsuite> <!-- Login Test -->
