<?xml version="1.0" encoding="UTF-8"?>
<testng-results ignored="0" total="5" passed="4" failed="1" skipped="0">
  <reporter-output>
  </reporter-output>
  <suite started-at="2026-08-08T11:59:30 IST" name="Suite" finished-at="2026-08-08T12:01:33 IST" duration-ms="123375">
    <groups>
      <group name="Smoke">
        <method signature="E_commerce_test_Android_dataParam.validateErrorMessage()[pri:0, instance:Test.E_commerce_test_Android_dataParam@75c56eb9]" name="validateErrorMessage" class="Test.E_commerce_test_Android_dataParam"/>
        <method signature="E_commerce_test_Android_json.fillForm(java.util.HashMap)[pri:0, instance:Test.E_commerce_test_Android_json@3eb91815]" name="fillForm" class="Test.E_commerce_test_Android_json"/>
      </group> <!-- Smoke -->
    </groups>
    <test started-at="2026-08-08T11:59:30 IST" name="Login Test" finished-at="2026-08-08T12:01:33 IST" duration-ms="123375">
      <class name="Test.E_commerce_test_Android_dataParam">
        <test-method is-config="true" signature="configureAppium()[pri:0, instance:Test.E_commerce_test_Android_dataParam@75c56eb9]" started-at="2026-08-08T11:59:30 IST" name="configureAppium" finished-at="2026-08-08T11:59:41 IST" duration-ms="11588" status="PASS">
          <reporter-output>
          </reporter-output>
        </test-method> <!-- configureAppium -->
        <test-method is-config="true" signature="preSetup()[pri:0, instance:Test.E_commerce_test_Android_dataParam@75c56eb9]" started-at="2026-08-08T11:59:42 IST" name="preSetup" finished-at="2026-08-08T11:59:49 IST" duration-ms="7517" status="PASS">
          <reporter-output>
          </reporter-output>
        </test-method> <!-- preSetup -->
        <test-method signature="login(java.lang.String,java.lang.String,java.lang.String)[pri:0, instance:Test.E_commerce_test_Android_dataParam@75c56eb9]" started-at="2026-08-08T11:59:49 IST" name="login" data-provider="getData" finished-at="2026-08-08T12:00:01 IST" duration-ms="12081" status="PASS">
          <params>
            <param index="0">
              <value>
                <![CDATA[Nandini Singh]]>
              </value>
            </param>
            <param index="1">
              <value>
                <![CDATA[female]]>
              </value>
            </param>
            <param index="2">
              <value>
                <![CDATA[Bhutan]]>
              </value>
            </param>
          </params>
          <reporter-output>
          </reporter-output>
        </test-method> <!-- login -->
        <test-method is-config="true" signature="preSetup()[pri:0, instance:Test.E_commerce_test_Android_dataParam@75c56eb9]" started-at="2026-08-08T12:00:01 IST" name="preSetup" finished-at="2026-08-08T12:00:08 IST" duration-ms="7218" status="PASS">
          <reporter-output>
          </reporter-output>
        </test-method> <!-- preSetup -->
        <test-method signature="login(java.lang.String,java.lang.String,java.lang.String)[pri:0, instance:Test.E_commerce_test_Android_dataParam@75c56eb9]" started-at="2026-08-08T12:00:08 IST" name="login" data-provider="getData" finished-at="2026-08-08T12:00:25 IST" duration-ms="16330" status="PASS">
          <params>
            <param index="0">
              <value>
                <![CDATA[Ravi Singh]]>
              </value>
            </param>
            <param index="1">
              <value>
                <![CDATA[male]]>
              </value>
            </param>
            <param index="2">
              <value>
                <![CDATA[Canada]]>
              </value>
            </param>
          </params>
          <reporter-output>
          </reporter-output>
        </test-method> <!-- login -->
        <test-method is-config="true" signature="preSetup()[pri:0, instance:Test.E_commerce_test_Android_dataParam@75c56eb9]" started-at="2026-08-08T12:00:25 IST" name="preSetup" finished-at="2026-08-08T12:00:32 IST" duration-ms="7229" status="PASS">
          <reporter-output>
          </reporter-output>
        </test-method> <!-- preSetup -->
        <test-method signature="validateErrorMessage()[pri:0, instance:Test.E_commerce_test_Android_dataParam@75c56eb9]" started-at="2026-08-08T12:00:32 IST" name="validateErrorMessage" finished-at="2026-08-08T12:00:42 IST" duration-ms="10078" status="FAIL">
          <exception class="org.openqa.selenium.NoSuchElementException">
            <message>
              <![CDATA[Can't locate an element by this strategy: By.chained({By.xpath: //android.widget.Toast[@text="Please enter your name"]})]]>
            </message>
            <full-stacktrace>
              <![CDATA[org.openqa.selenium.NoSuchElementException: Can't locate an element by this strategy: By.chained({By.xpath: //android.widget.Toast[@text="Please enter your name"]})
at io.appium.java_client.pagefactory.AppiumElementLocator.findElement(AppiumElementLocator.java:166)
at io.appium.java_client.pagefactory.interceptors.InterceptorOfASingleElement.call(InterceptorOfASingleElement.java:75)
at io.appium.java_client.proxy.Interceptor.intercept(Interceptor.java:78)
at org.openqa.selenium.remote.RemoteWebElement$ByteBuddy$mEZn1nxI.getAttribute(Unknown Source)
at PageObjects.Android.FormPage.validateErrorMessage(FormPage.java:53)
at Test.E_commerce_test_Android_dataParam.validateErrorMessage(E_commerce_test_Android_dataParam.java:40)
at java.base/jdk.internal.reflect.DirectMethodHandleAccessor.invoke(DirectMethodHandleAccessor.java:103)
at java.base/java.lang.reflect.Method.invoke(Method.java:580)
at org.testng.internal.invokers.MethodInvocationHelper.invokeMethod(MethodInvocationHelper.java:141)
at org.testng.internal.invokers.TestInvoker.invokeMethod(TestInvoker.java:686)
at org.testng.internal.invokers.TestInvoker.invokeTestMethod(TestInvoker.java:230)
at org.testng.internal.invokers.MethodRunner.runInSequence(MethodRunner.java:63)
at org.testng.internal.invokers.TestInvoker$MethodInvocationAgent.invoke(TestInvoker.java:992)
at org.testng.internal.invokers.TestInvoker.invokeTestMethods(TestInvoker.java:203)
at org.testng.internal.invokers.TestMethodWorker.invokeTestMethods(TestMethodWorker.java:154)
at org.testng.internal.invokers.TestMethodWorker.run(TestMethodWorker.java:134)
at java.base/java.util.ArrayList.forEach(ArrayList.java:1597)
at org.testng.TestRunner.privateRun(TestRunner.java:739)
at org.testng.TestRunner.run(TestRunner.java:614)
at org.testng.SuiteRunner.runTest(SuiteRunner.java:421)
at org.testng.SuiteRunner.runSequentially(SuiteRunner.java:413)
at org.testng.SuiteRunner.privateRun(SuiteRunner.java:373)
at org.testng.SuiteRunner.run(SuiteRunner.java:312)
at org.testng.SuiteRunnerWorker.runSuite(SuiteRunnerWorker.java:52)
at org.testng.SuiteRunnerWorker.run(SuiteRunnerWorker.java:95)
at org.testng.TestNG.runSuitesSequentially(TestNG.java:1274)
at org.testng.TestNG.runSuitesLocally(TestNG.java:1208)
at org.testng.TestNG.runSuites(TestNG.java:1112)
at org.testng.TestNG.run(TestNG.java:1079)
at org.testng.remote.AbstractRemoteTestNG.run(AbstractRemoteTestNG.java:115)
at org.testng.remote.RemoteTestNG.initAndRun(RemoteTestNG.java:293)
at org.testng.remote.RemoteTestNG.main(RemoteTestNG.java:91)
Caused by: org.openqa.selenium.TimeoutException: Expected condition failed: waiting for io.appium.java_client.pagefactory.AppiumElementLocator$WaitingFunction@3a26ec8d (tried for 1 second(s) with 500 milliseconds interval)
at org.openqa.selenium.support.ui.FluentWait.timeoutException(FluentWait.java:265)
at org.openqa.selenium.support.ui.FluentWait.until(FluentWait.java:228)
at io.appium.java_client.pagefactory.AppiumElementLocator.waitFor(AppiumElementLocator.java:135)
at io.appium.java_client.pagefactory.AppiumElementLocator.findElement(AppiumElementLocator.java:160)
... 31 more
Caused by: org.openqa.selenium.NoSuchElementException: Cannot locate an element using By.chained({By.xpath: //android.widget.Toast[@text="Please enter your name"]})
For documentation on this error, please visit: https://www.selenium.dev/documentation/webdriver/troubleshooting/errors#no-such-element-exception
Build info: version: '4.21.0', revision: '79ed462ef4'
System info: os.name: 'Windows 11', os.arch: 'amd64', os.version: '10.0', java.version: '23.0.2'
Driver info: driver.version: RemoteWebDriver
at io.appium.java_client.pagefactory.bys.builder.ByChained.findElement(ByChained.java:74)
at org.openqa.selenium.remote.ElementLocation$ElementFinder$1.findElement(ElementLocation.java:139)
at org.openqa.selenium.remote.ElementLocation.findElement(ElementLocation.java:59)
at org.openqa.selenium.remote.RemoteWebDriver.findElement(RemoteWebDriver.java:355)
at org.openqa.selenium.remote.RemoteWebDriver.findElement(RemoteWebDriver.java:349)
at io.appium.java_client.pagefactory.bys.ContentMappedBy.findElement(ContentMappedBy.java:53)
at org.openqa.selenium.remote.ElementLocation$ElementFinder$1.findElement(ElementLocation.java:139)
at org.openqa.selenium.remote.ElementLocation.findElement(ElementLocation.java:59)
at org.openqa.selenium.remote.RemoteWebDriver.findElement(RemoteWebDriver.java:355)
at org.openqa.selenium.remote.RemoteWebDriver.findElement(RemoteWebDriver.java:349)
at io.appium.java_client.pagefactory.AppiumElementLocator.lambda$findElement$1(AppiumElementLocator.java:160)
at io.appium.java_client.pagefactory.AppiumElementLocator$WaitingFunction.apply(AppiumElementLocator.java:217)
at io.appium.java_client.pagefactory.AppiumElementLocator$WaitingFunction.apply(AppiumElementLocator.java:210)
at org.openqa.selenium.support.ui.FluentWait.until(FluentWait.java:203)
... 33 more
]]>
            </full-stacktrace>
          </exception> <!-- org.openqa.selenium.NoSuchElementException -->
          <reporter-output>
          </reporter-output>
        </test-method> <!-- validateErrorMessage -->
        <test-method is-config="true" signature="tearDown()[pri:0, instance:Test.E_commerce_test_Android_dataParam@75c56eb9]" started-at="2026-08-08T12:00:43 IST" name="tearDown" finished-at="2026-08-08T12:00:44 IST" duration-ms="1147" status="PASS">
          <reporter-output>
          </reporter-output>
        </test-method> <!-- tearDown -->
      </class> <!-- Test.E_commerce_test_Android_dataParam -->
      <class name="Test.E_commerce_test_Android_json">
        <test-method is-config="true" signature="configureAppium()[pri:0, instance:Test.E_commerce_test_Android_json@3eb91815]" started-at="2026-08-08T12:00:44 IST" name="configureAppium" finished-at="2026-08-08T12:00:54 IST" duration-ms="10334" status="PASS">
          <reporter-output>
          </reporter-output>
        </test-method> <!-- configureAppium -->
        <test-method is-config="true" signature="preSetup()[pri:0, instance:Test.E_commerce_test_Android_json@3eb91815]" started-at="2026-08-08T12:00:55 IST" name="preSetup" finished-at="2026-08-08T12:01:02 IST" duration-ms="7402" status="PASS">
          <reporter-output>
          </reporter-output>
        </test-method> <!-- preSetup -->
        <test-method signature="fillForm(java.util.HashMap)[pri:0, instance:Test.E_commerce_test_Android_json@3eb91815]" started-at="2026-08-08T12:01:02 IST" name="fillForm" data-provider="getData" finished-at="2026-08-08T12:01:12 IST" duration-ms="9941" status="PASS">
          <params>
            <param index="0">
              <value>
                <![CDATA[{gender=female, name=Neeta Singh, country=Austria}]]>
              </value>
            </param>
          </params>
          <reporter-output>
          </reporter-output>
        </test-method> <!-- fillForm -->
        <test-method is-config="true" signature="preSetup()[pri:0, instance:Test.E_commerce_test_Android_json@3eb91815]" started-at="2026-08-08T12:01:12 IST" name="preSetup" finished-at="2026-08-08T12:01:19 IST" duration-ms="7619" status="PASS">
          <reporter-output>
          </reporter-output>
        </test-method> <!-- preSetup -->
        <test-method signature="fillForm(java.util.HashMap)[pri:0, instance:Test.E_commerce_test_Android_json@3eb91815]" started-at="2026-08-08T12:01:19 IST" name="fillForm" data-provider="getData" finished-at="2026-08-08T12:01:31 IST" duration-ms="11557" status="PASS">
          <params>
            <param index="0">
              <value>
                <![CDATA[{gender=male, name=Bhushan Singh, country=Belgium}]]>
              </value>
            </param>
          </params>
          <reporter-output>
          </reporter-output>
        </test-method> <!-- fillForm -->
        <test-method is-config="true" signature="tearDown()[pri:0, instance:Test.E_commerce_test_Android_json@3eb91815]" started-at="2026-08-08T12:01:31 IST" name="tearDown" finished-at="2026-08-08T12:01:33 IST" duration-ms="2191" status="PASS">
          <reporter-output>
          </reporter-output>
        </test-method> <!-- tearDown -->
      </class> <!-- Test.E_commerce_test_Android_json -->
    </test> <!-- Login Test -->
  </suite> <!-- Suite -->
</testng-results>
