<?xml version="1.0" encoding="UTF-8"?>
<!-- Generated by org.testng.reporters.JUnitReportReporter -->
<testsuite hostname="DESKTOP-CLJ89F1" failures="0" tests="2" name="Test.E_commerce_test_Android_json" time="36.519" errors="0" timestamp="2026-08-08T12:01:34 IST" skipped="0">
  <testcase classname="Test.E_commerce_test_Android_json" name="fillForm" time="17.560"/>
  <testcase classname="Test.E_commerce_test_Android_json" name="fillForm" time="18.959"/>
</testsuite> <!-- Test.E_commerce_test_Android_json -->
